{"timestamp": "2025-12-19T17:06:08.662533+00:00", "file": "test.txt", "step": "detect", "message": "Detected test.txt", "status": "ok", "user": "admin"}
{"timestamp": "2025-12-19T17:06:11.457000+00:00", "file": "test.txt", "step": "write", "message": "Encrypted test.txt -> D:\\CADT\\Year3\\Cryptography\\GO code\\server version\\storage\\encrypted\\test.txt.enc", "status": "ok", "user": "admin", "recipients": ["alice"], "encryption_algo": "AES-256-GCM", "size": 5, "hash": "d7ef0a04f3c8055644677299a9414a75adcb15916eb48417416c9317ace2ff4f"}
{"timestamp": "2025-12-19T17:06:11.469348+00:00", "file": "test.txt", "step": "server", "message": "Metadata registered", "status": "ok", "user": "admin"}
{"timestamp": "2025-12-19T17:06:15.466606+00:00", "file": "test.txt", "step": "detect", "message": "Detected test.txt", "status": "ok", "user": "admin"}
{"timestamp": "2025-12-19T17:06:16.916959+00:00", "file": "test.txt", "step": "write", "message": "Encrypted test.txt -> D:\\CADT\\Year3\\Cryptography\\GO code\\server version\\storage\\encrypted\\test.txt.enc", "status": "ok", "user": "admin", "recipients": ["bob"], "encryption_algo": "AES-256-GCM", "size": 5, "hash": "d7ef0a04f3c8055644677299a9414a75adcb15916eb48417416c9317ace2ff4f"}
{"timestamp": "2025-12-19T17:06:16.924214+00:00", "file": "test.txt", "step": "server", "message": "Metadata registered", "status": "ok", "user": "admin"}
{"timestamp": "2025-12-19T17:06:48.314802+00:00", "file": "test.txt.enc", "step": "decrypt", "message": "Decrypted successfully", "status": "ok", "user": "bob", "size": 5, "hash": "d7ef0a04f3c8055644677299a9414a75adcb15916eb48417416c9317ace2ff4f", "signature_status": "Signature OK"}
{"timestamp": "2025-12-19T17:07:19.863806+00:00", "file": "test.txt.enc", "step": "decrypt", "message": "User 'alice' is not a recipient", "status": "error", "user": "alice"}
{"timestamp": "2025-12-20T06:15:22.653497+00:00", "file": "test.txt", "step": "detect", "message": "Detected test.txt", "status": "ok", "user": "admin"}
{"timestamp": "2025-12-20T06:15:29.819456+00:00", "file": "test.txt", "step": "error", "message": "Incorrect decryption.", "status": "error", "user": "admin"}
{"timestamp": "2025-12-20T06:15:39.849755+00:00", "file": "test.txt", "step": "detect", "message": "Detected test.txt", "status": "ok", "user": "admin"}
{"timestamp": "2025-12-20T06:15:41.209354+00:00", "file": "test.txt", "step": "error", "message": "Incorrect decryption.", "status": "error", "user": "admin"}
{"timestamp": "2025-12-20T06:18:27.160328+00:00", "file": "test.txt", "step": "detect", "message": "Detected test.txt", "status": "ok", "user": "admin"}
{"timestamp": "2025-12-20T06:18:32.280471+00:00", "file": "test.txt", "step": "write", "message": "Encrypted test.txt -> D:\\CADT\\Year3\\Cryptography\\GO code\\server version\\storage\\encrypted\\test.txt.enc", "status": "ok", "user": "admin", "recipients": ["bob", "alice"], "encryption_algo": "AES-256-GCM", "size": 5, "hash": "d7ef0a04f3c8055644677299a9414a75adcb15916eb48417416c9317ace2ff4f"}
{"timestamp": "2025-12-20T06:18:32.289442+00:00", "file": "test.txt", "step": "server", "message": "Metadata registered", "status": "ok", "user": "admin"}
{"timestamp": "2025-12-20T06:18:41.621851+00:00", "file": "test.txt", "step": "detect", "message": "Detected test.txt", "status": "ok", "user": "admin"}
{"timestamp": "2025-12-20T06:18:44.680479+00:00", "file": "test.txt", "step": "write", "message": "Encrypted test.txt -> D:\\CADT\\Year3\\Cryptography\\GO code\\server version\\storage\\encrypted\\test.txt.enc", "status": "ok", "user": "admin", "recipients": ["bob", "alice"], "encryption_algo": "AES-256-GCM", "size": 5, "hash": "d7ef0a04f3c8055644677299a9414a75adcb15916eb48417416c9317ace2ff4f"}
{"timestamp": "2025-12-20T06:18:44.690177+00:00", "file": "test.txt", "step": "server", "message": "Metadata registered", "status": "ok", "user": "admin"}
{"timestamp": "2025-12-20T06:20:00.859370+00:00", "file": "test.txt", "step": "detect", "message": "Detected test.txt", "status": "ok", "user": "admin"}
{"timestamp": "2025-12-20T06:20:02.409746+00:00", "file": "test.txt", "step": "write", "message": "Encrypted test.txt -> D:\\CADT\\Year3\\Cryptography\\GO code\\server version\\storage\\encrypted\\test.txt.enc", "status": "ok", "user": "admin", "recipients": ["alice"], "encryption_algo": "AES-256-GCM", "size": 5, "hash": "d7ef0a04f3c8055644677299a9414a75adcb15916eb48417416c9317ace2ff4f"}
{"timestamp": "2025-12-20T06:20:02.418193+00:00", "file": "test.txt", "step": "server", "message": "Metadata registered", "status": "ok", "user": "admin"}
{"timestamp": "2025-12-20T06:20:08.519383+00:00", "file": "test.txt", "step": "detect", "message": "Detected test.txt", "status": "ok", "user": "admin"}
{"timestamp": "2025-12-20T06:20:10.172199+00:00", "file": "test.txt", "step": "write", "message": "Encrypted test.txt -> D:\\CADT\\Year3\\Cryptography\\GO code\\server version\\storage\\encrypted\\test.txt.enc", "status": "ok", "user": "admin", "recipients": ["bob"], "encryption_algo": "AES-256-GCM", "size": 5, "hash": "d7ef0a04f3c8055644677299a9414a75adcb15916eb48417416c9317ace2ff4f"}
{"timestamp": "2025-12-20T06:20:10.179774+00:00", "file": "test.txt", "step": "server", "message": "Metadata registered", "status": "ok", "user": "admin"}
{"timestamp": "2025-12-20T06:20:26.129647+00:00", "file": "test.txt.enc", "step": "error", "message": "Decryption failed: Padding is incorrect.", "status": "error", "user": "bob"}
{"timestamp": "2025-12-20T06:21:46.735864+00:00", "file": "test.txt.enc", "step": "decrypt", "message": "Decrypted successfully", "status": "ok", "user": "bob", "size": 5, "hash": "d7ef0a04f3c8055644677299a9414a75adcb15916eb48417416c9317ace2ff4f", "signature_status": "Signature OK"}
{"timestamp": "2025-12-20T06:22:11.321182+00:00", "file": "test.txt.enc", "step": "decrypt", "message": "User 'alice' is not a recipient", "status": "error", "user": "alice"}
{"timestamp": "2025-12-20T06:26:15.241644+00:00", "file": "test.txt", "step": "detect", "message": "Detected test.txt", "status": "ok", "user": "admin"}
{"timestamp": "2025-12-20T06:26:17.348104+00:00", "file": "test.txt", "step": "write", "message": "Encrypted test.txt -> D:\\CADT\\Year3\\Cryptography\\GO code\\server version\\storage\\encrypted\\test.txt.enc", "status": "ok", "user": "admin", "recipients": ["bob", "alice"], "encryption_algo": "AES-256-GCM", "size": 5, "hash": "d7ef0a04f3c8055644677299a9414a75adcb15916eb48417416c9317ace2ff4f"}
{"timestamp": "2025-12-20T06:26:17.354956+00:00", "file": "test.txt", "step": "server", "message": "Metadata registered", "status": "ok", "user": "admin"}
{"timestamp": "2025-12-20T06:26:20.768142+00:00", "file": "test.txt", "step": "detect", "message": "Detected test.txt", "status": "ok", "user": "admin"}
{"timestamp": "2025-12-20T06:26:22.691297+00:00", "file": "test.txt", "step": "write", "message": "Encrypted test.txt -> D:\\CADT\\Year3\\Cryptography\\GO code\\server version\\storage\\encrypted\\test.txt.enc", "status": "ok", "user": "admin", "recipients": ["bob", "alice"], "encryption_algo": "AES-256-GCM", "size": 5, "hash": "d7ef0a04f3c8055644677299a9414a75adcb15916eb48417416c9317ace2ff4f"}
{"timestamp": "2025-12-20T06:26:22.700326+00:00", "file": "test.txt", "step": "server", "message": "Metadata registered", "status": "ok", "user": "admin"}
{"timestamp": "2025-12-20T06:26:52.049207+00:00", "file": "test.txt.enc", "step": "error", "message": "Decryption failed: MAC check failed", "status": "error", "user": "alice"}
{"timestamp": "2025-12-20T06:27:10.751655+00:00", "file": "test.txt.enc", "step": "error", "message": "Decryption failed: MAC check failed", "status": "error", "user": "alice"}
{"timestamp": "2025-12-20T06:30:12.644003+00:00", "file": "test.txt", "step": "detect", "message": "Detected test.txt", "status": "ok", "user": "admin"}
{"timestamp": "2025-12-20T06:30:20.961689+00:00", "file": "test.txt", "step": "write", "message": "Encrypted test.txt -> D:\\CADT\\Year3\\Cryptography\\GO code\\server version\\storage\\encrypted\\test.txt.enc", "status": "ok", "user": "admin", "recipients": ["bob", "alice"], "encryption_algo": "AES-256-GCM", "size": 5, "hash": "d7ef0a04f3c8055644677299a9414a75adcb15916eb48417416c9317ace2ff4f"}
{"timestamp": "2025-12-20T06:30:20.970735+00:00", "file": "test.txt", "step": "server", "message": "Metadata registered", "status": "ok", "user": "admin"}
{"timestamp": "2025-12-20T06:35:54.013764+00:00", "file": "test.txt", "step": "detect", "message": "Detected test.txt", "status": "ok", "user": "admin"}
{"timestamp": "2025-12-20T06:35:59.395732+00:00", "file": "test.txt", "step": "error", "message": "Padding is incorrect.", "status": "error", "user": "admin"}
{"timestamp": "2025-12-20T06:36:11.338114+00:00", "file": "test.txt", "step": "detect", "message": "Detected test.txt", "status": "ok", "user": "admin"}
{"timestamp": "2025-12-20T06:36:13.322456+00:00", "file": "test.txt", "step": "write", "message": "Encrypted test.txt -> D:\\CADT\\Year3\\Cryptography\\GO code\\server version\\storage\\encrypted\\test.txt.enc", "status": "ok", "user": "admin", "recipients": ["alice"], "encryption_algo": "AES-256-GCM", "size": 5, "hash": "d7ef0a04f3c8055644677299a9414a75adcb15916eb48417416c9317ace2ff4f"}
{"timestamp": "2025-12-20T06:36:13.328745+00:00", "file": "test.txt", "step": "server", "message": "Metadata registered", "status": "ok", "user": "admin"}
{"timestamp": "2025-12-20T06:36:17.893669+00:00", "file": "test.txt", "step": "detect", "message": "Detected test.txt", "status": "ok", "user": "admin"}
{"timestamp": "2025-12-20T06:36:21.968633+00:00", "file": "test.txt", "step": "write", "message": "Encrypted test.txt -> D:\\CADT\\Year3\\Cryptography\\GO code\\server version\\storage\\encrypted\\test.txt.enc", "status": "ok", "user": "admin", "recipients": ["bob"], "encryption_algo": "AES-256-GCM", "size": 5, "hash": "d7ef0a04f3c8055644677299a9414a75adcb15916eb48417416c9317ace2ff4f"}
{"timestamp": "2025-12-20T06:36:21.976197+00:00", "file": "test.txt", "step": "server", "message": "Metadata registered", "status": "ok", "user": "admin"}
{"timestamp": "2025-12-20T06:36:41.545180+00:00", "file": "test.txt.enc", "step": "decrypt", "message": "Decrypted successfully", "status": "ok", "user": "bob", "size": 5, "hash": "d7ef0a04f3c8055644677299a9414a75adcb15916eb48417416c9317ace2ff4f", "signature_status": "Signature OK"}
{"timestamp": "2025-12-20T06:36:54.326640+00:00", "file": "test.txt.enc", "step": "decrypt", "message": "User 'alice' is not a recipient", "status": "error", "user": "alice"}
{"timestamp": "2025-12-20T06:38:04.678904+00:00", "file": "test.txt.enc", "step": "decrypt", "message": "User 'alice' is not a recipient", "status": "error", "user": "alice"}
{"timestamp": "2025-12-20T06:39:27.635216+00:00", "file": "test.txt", "step": "detect", "message": "Detected test.txt", "status": "ok", "user": "admin"}
{"timestamp": "2025-12-20T06:39:29.343463+00:00", "file": "test.txt", "step": "write", "message": "Encrypted test.txt -> D:\\CADT\\Year3\\Cryptography\\GO code\\server version\\storage\\encrypted\\test.txt.enc", "status": "ok", "user": "admin", "recipients": ["alice", "bob"], "encryption_algo": "AES-256-GCM", "size": 5, "hash": "d7ef0a04f3c8055644677299a9414a75adcb15916eb48417416c9317ace2ff4f"}
{"timestamp": "2025-12-20T06:39:29.352085+00:00", "file": "test.txt", "step": "server", "message": "Metadata registered", "status": "ok", "user": "admin"}
{"timestamp": "2025-12-20T06:39:50.793365+00:00", "file": "test.txt.enc", "step": "decrypt", "message": "Decrypted successfully", "status": "ok", "user": "alice", "size": 5, "hash": "d7ef0a04f3c8055644677299a9414a75adcb15916eb48417416c9317ace2ff4f", "signature_status": "Signature OK"}
{"timestamp": "2025-12-20T06:40:05.718270+00:00", "file": "test.txt.enc", "step": "decrypt", "message": "Decrypted successfully", "status": "ok", "user": "bob", "size": 5, "hash": "d7ef0a04f3c8055644677299a9414a75adcb15916eb48417416c9317ace2ff4f", "signature_status": "Signature OK"}
{"timestamp": "2025-12-20T06:40:38.299111+00:00", "file": "test.txt", "step": "detect", "message": "Detected test.txt", "status": "ok", "user": "admin"}
{"timestamp": "2025-12-20T06:40:39.638983+00:00", "file": "test.txt", "step": "write", "message": "Encrypted test.txt -> D:\\CADT\\Year3\\Cryptography\\GO code\\server version\\storage\\encrypted\\test.txt.enc", "status": "ok", "user": "admin", "recipients": ["alice"], "encryption_algo": "AES-256-GCM", "size": 5, "hash": "d7ef0a04f3c8055644677299a9414a75adcb15916eb48417416c9317ace2ff4f"}
{"timestamp": "2025-12-20T06:40:39.646617+00:00", "file": "test.txt", "step": "server", "message": "Metadata registered", "status": "ok", "user": "admin"}
{"timestamp": "2025-12-20T06:40:44.023453+00:00", "file": "test.txt", "step": "detect", "message": "Detected test.txt", "status": "ok", "user": "admin"}
{"timestamp": "2025-12-20T06:40:45.297007+00:00", "file": "test.txt", "step": "write", "message": "Encrypted test.txt -> D:\\CADT\\Year3\\Cryptography\\GO code\\server version\\storage\\encrypted\\test.txt.enc", "status": "ok", "user": "admin", "recipients": ["bob"], "encryption_algo": "AES-256-GCM", "size": 5, "hash": "d7ef0a04f3c8055644677299a9414a75adcb15916eb48417416c9317ace2ff4f"}
{"timestamp": "2025-12-20T06:40:45.303371+00:00", "file": "test.txt", "step": "server", "message": "Metadata registered", "status": "ok", "user": "admin"}
{"timestamp": "2025-12-20T06:44:39.466588+00:00", "file": "test.txt", "step": "detect", "message": "Detected test.txt", "status": "ok", "user": "admin"}
{"timestamp": "2025-12-20T06:44:40.588130+00:00", "file": "test.txt", "step": "write", "message": "Encrypted test.txt -> D:\\CADT\\Year3\\Cryptography\\GO code\\server version\\storage\\encrypted\\test.txt.enc", "status": "ok", "user": "admin", "recipients": ["alice"], "encryption_algo": "AES-256-GCM", "size": 5, "hash": "d7ef0a04f3c8055644677299a9414a75adcb15916eb48417416c9317ace2ff4f"}
{"timestamp": "2025-12-20T06:44:40.596677+00:00", "file": "test.txt", "step": "server", "message": "Metadata registered", "status": "ok", "user": "admin"}
{"timestamp": "2025-12-20T06:44:45.112003+00:00", "file": "test.txt", "step": "detect", "message": "Detected test.txt", "status": "ok", "user": "admin"}
{"timestamp": "2025-12-20T06:44:46.711942+00:00", "file": "test.txt", "step": "write", "message": "Encrypted test.txt -> D:\\CADT\\Year3\\Cryptography\\GO code\\server version\\storage\\encrypted\\test.txt.enc", "status": "ok", "user": "admin", "recipients": ["bob"], "encryption_algo": "AES-256-GCM", "size": 5, "hash": "d7ef0a04f3c8055644677299a9414a75adcb15916eb48417416c9317ace2ff4f"}
{"timestamp": "2025-12-20T06:44:46.719743+00:00", "file": "test.txt", "step": "server", "message": "Metadata registered", "status": "ok", "user": "admin"}
{"timestamp": "2025-12-20T06:45:05.465503+00:00", "file": "test.txt.enc", "step": "decrypt", "message": "Incorrect passphrase", "status": "error", "user": "alice"}
{"timestamp": "2025-12-20T06:45:18.327250+00:00", "file": "test.txt.enc", "step": "decrypt", "message": "Decrypted successfully", "status": "ok", "user": "bob", "size": 5, "hash": "d7ef0a04f3c8055644677299a9414a75adcb15916eb48417416c9317ace2ff4f", "signature_status": "Signature OK"}
{"timestamp": "2025-12-20T06:46:21.681398+00:00", "file": "test.txt.enc", "step": "decrypt", "message": "MAC check failed", "status": "error", "user": "alice"}
{"timestamp": "2025-12-20T06:50:59.755568+00:00", "file": "test.txt", "step": "detect", "message": "Detected test.txt", "status": "ok", "user": "admin"}
{"timestamp": "2025-12-20T06:51:01.036092+00:00", "file": "test.txt", "step": "write", "message": "Encrypted test.txt -> D:\\CADT\\Year3\\Cryptography\\GO code\\server version\\storage\\encrypted\\test.txt.enc", "status": "ok", "user": "admin", "recipients": ["alice"], "encryption_algo": "AES-256-GCM", "size": 5, "hash": "d7ef0a04f3c8055644677299a9414a75adcb15916eb48417416c9317ace2ff4f"}
{"timestamp": "2025-12-20T06:51:01.043621+00:00", "file": "test.txt", "step": "server", "message": "Metadata registered", "status": "ok", "user": "admin"}
{"timestamp": "2025-12-20T06:51:05.380086+00:00", "file": "test.txt", "step": "detect", "message": "Detected test.txt", "status": "ok", "user": "admin"}
{"timestamp": "2025-12-20T06:51:08.318788+00:00", "file": "test.txt", "step": "error", "message": "Incorrect decryption.", "status": "error", "user": "admin"}
{"timestamp": "2025-12-20T06:55:53.024328+00:00", "file": "test.txt", "step": "detect", "message": "Detected test.txt", "status": "ok", "user": "admin"}
{"timestamp": "2025-12-20T06:55:54.201285+00:00", "file": "test.txt", "step": "error", "message": "Incorrect decryption.", "status": "error", "user": "admin"}
{"timestamp": "2025-12-20T06:56:39.450435+00:00", "file": "test.txt", "step": "detect", "message": "Detected test.txt", "status": "ok", "user": "admin"}
{"timestamp": "2025-12-20T06:56:41.422349+00:00", "file": "test.txt", "step": "write", "message": "Encrypted test.txt -> D:\\CADT\\Year3\\Cryptography\\GO code\\server version\\storage\\encrypted\\test.txt.enc", "status": "ok", "user": "admin", "recipients": ["alice"], "encryption_algo": "AES-256-GCM", "size": 5, "hash": "b0bdf42b9334564716a93f5fe9326eec3f7388cfcc3a05185874ef01d5466420"}
{"timestamp": "2025-12-20T06:56:41.430082+00:00", "file": "test.txt", "step": "server", "message": "Metadata registered", "status": "ok", "user": "admin"}
{"timestamp": "2025-12-20T06:56:52.316238+00:00", "file": "test.txt", "step": "detect", "message": "Detected test.txt", "status": "ok", "user": "admin"}
{"timestamp": "2025-12-20T06:56:54.810620+00:00", "file": "test.txt", "step": "error", "message": "Incorrect decryption.", "status": "error", "user": "admin"}
{"timestamp": "2025-12-20T06:59:16.483736+00:00", "file": "test.txt", "step": "detect", "message": "Detected test.txt", "status": "ok", "user": "admin"}
{"timestamp": "2025-12-20T06:59:17.568013+00:00", "file": "test.txt", "step": "write", "message": "Encrypted test.txt -> D:\\CADT\\Year3\\Cryptography\\GO code\\server version\\storage\\encrypted\\test.txt.enc", "status": "ok", "user": "admin", "recipients": ["alice"], "encryption_algo": "AES-256-GCM", "size": 5, "hash": "d7ef0a04f3c8055644677299a9414a75adcb15916eb48417416c9317ace2ff4f"}
{"timestamp": "2025-12-20T06:59:17.576410+00:00", "file": "test.txt", "step": "server", "message": "Metadata registered", "status": "ok", "user": "admin"}
{"timestamp": "2025-12-20T06:59:21.469148+00:00", "file": "test.txt", "step": "detect", "message": "Detected test.txt", "status": "ok", "user": "admin"}
{"timestamp": "2025-12-20T06:59:22.512240+00:00", "file": "test.txt", "step": "write", "message": "Encrypted test.txt -> D:\\CADT\\Year3\\Cryptography\\GO code\\server version\\storage\\encrypted\\test.txt.enc", "status": "ok", "user": "admin", "recipients": ["bob"], "encryption_algo": "AES-256-GCM", "size": 5, "hash": "d7ef0a04f3c8055644677299a9414a75adcb15916eb48417416c9317ace2ff4f"}
{"timestamp": "2025-12-20T06:59:22.520218+00:00", "file": "test.txt", "step": "server", "message": "Metadata registered", "status": "ok", "user": "admin"}
{"timestamp": "2025-12-20T07:03:33.098113+00:00", "file": "test.txt", "step": "detect", "message": "Detected test.txt", "status": "ok", "user": "admin"}
{"timestamp": "2025-12-20T07:03:34.229026+00:00", "file": "test.txt", "step": "write", "message": "Encrypted test.txt -> D:\\CADT\\Year3\\Cryptography\\GO code\\server version\\storage\\encrypted\\test.txt.enc", "status": "ok", "user": "admin", "recipients": ["alice"], "encryption_algo": "AES-256-GCM", "size": 5, "hash": "d7ef0a04f3c8055644677299a9414a75adcb15916eb48417416c9317ace2ff4f"}
{"timestamp": "2025-12-20T07:03:34.237076+00:00", "file": "test.txt", "step": "server", "message": "Metadata registered", "status": "ok", "user": "admin"}
{"timestamp": "2025-12-20T07:03:39.565388+00:00", "file": "test.txt", "step": "detect", "message": "Detected test.txt", "status": "ok", "user": "admin"}
{"timestamp": "2025-12-20T07:03:42.587730+00:00", "file": "test.txt", "step": "error", "message": "Incorrect decryption.", "status": "error", "user": "admin"}
{"timestamp": "2025-12-20T07:08:03.435739+00:00", "file": "test.txt", "step": "detect", "message": "Detected test.txt", "status": "ok", "user": "admin"}
{"timestamp": "2025-12-20T07:08:03.438299+00:00", "file": "test.txt", "step": "encrypt", "message": "No valid recipients, encryption skipped", "status": "error", "user": "admin"}
{"timestamp": "2025-12-20T07:08:12.052995+00:00", "file": "test.txt", "step": "detect", "message": "Detected test.txt", "status": "ok", "user": "admin"}
{"timestamp": "2025-12-20T07:08:15.258566+00:00", "file": "test.txt", "step": "write", "message": "Encrypted test.txt -> D:\\CADT\\Year3\\Cryptography\\GO code\\server version\\storage\\encrypted\\test.txt.enc", "status": "ok", "user": "admin", "recipients": ["bob", "alice"], "encryption_algo": "AES-256-GCM", "size": 5, "hash": "d7ef0a04f3c8055644677299a9414a75adcb15916eb48417416c9317ace2ff4f"}
{"timestamp": "2025-12-20T07:08:15.266598+00:00", "file": "test.txt", "step": "server", "message": "Metadata registered", "status": "ok", "user": "admin"}
{"timestamp": "2025-12-20T07:08:41.083414+00:00", "file": "test.txt.enc", "step": "decrypt", "message": "Decrypted successfully", "status": "ok", "user": "bob", "size": 5, "hash": "d7ef0a04f3c8055644677299a9414a75adcb15916eb48417416c9317ace2ff4f", "signature_status": "Signature OK"}
{"timestamp": "2025-12-20T07:09:05.006294+00:00", "file": "test.txt.enc", "step": "decrypt", "message": "MAC check failed", "status": "error", "user": "alice"}
{"timestamp": "2025-12-20T07:09:13.216361+00:00", "file": "test.txt.enc", "step": "decrypt", "message": "MAC check failed", "status": "error", "user": "alice"}
{"timestamp": "2025-12-20T07:09:21.799354+00:00", "file": "test.txt.enc", "step": "decrypt", "message": "MAC check failed", "status": "error", "user": "alice"}
{"timestamp": "2025-12-20T07:10:14.074321+00:00", "file": "test.txt.enc", "step": "decrypt", "message": "Incorrect passphrase or key", "status": "error", "user": "alice"}
{"timestamp": "2025-12-20T07:10:25.566323+00:00", "file": "test.txt.enc", "step": "decrypt", "message": "Incorrect passphrase or key", "status": "error", "user": "alice"}
{"timestamp": "2025-12-20T07:11:47.740219+00:00", "file": "test.txt", "step": "detect", "message": "Detected test.txt", "status": "ok", "user": "admin"}
{"timestamp": "2025-12-20T07:11:53.584283+00:00", "file": "test.txt", "step": "write", "message": "Encrypted test.txt -> D:\\CADT\\Year3\\Cryptography\\GO code\\server version\\storage\\encrypted\\test.txt.enc", "status": "ok", "user": "admin", "recipients": ["alice"], "encryption_algo": "AES-256-GCM", "size": 5, "hash": "d7ef0a04f3c8055644677299a9414a75adcb15916eb48417416c9317ace2ff4f"}
{"timestamp": "2025-12-20T07:11:53.591825+00:00", "file": "test.txt", "step": "server", "message": "Metadata registered", "status": "ok", "user": "admin"}
{"timestamp": "2025-12-20T07:12:03.766416+00:00", "file": "test.txt", "step": "detect", "message": "Detected test.txt", "status": "ok", "user": "admin"}
{"timestamp": "2025-12-20T07:12:07.161472+00:00", "file": "test.txt", "step": "write", "message": "Encrypted test.txt -> D:\\CADT\\Year3\\Cryptography\\GO code\\server version\\storage\\encrypted\\test.txt.enc", "status": "ok", "user": "admin", "recipients": ["alice", "bob"], "encryption_algo": "AES-256-GCM", "size": 5, "hash": "d7ef0a04f3c8055644677299a9414a75adcb15916eb48417416c9317ace2ff4f"}
{"timestamp": "2025-12-20T07:12:07.171155+00:00", "file": "test.txt", "step": "server", "message": "Metadata registered", "status": "ok", "user": "admin"}
{"timestamp": "2025-12-20T07:12:30.496626+00:00", "file": "test.txt.enc", "step": "decrypt", "message": "MAC check failed", "status": "error", "user": "alice"}
{"timestamp": "2025-12-20T07:14:54.547310+00:00", "file": "test.txt", "step": "detect", "message": "Detected test.txt", "status": "ok", "user": "admin"}
{"timestamp": "2025-12-20T07:14:57.589196+00:00", "file": "test.txt", "step": "error", "message": "Incorrect decryption.", "status": "error", "user": "admin"}
{"timestamp": "2025-12-20T07:15:32.227418+00:00", "file": "test.txt", "step": "detect", "message": "Detected test.txt", "status": "ok", "user": "admin"}
{"timestamp": "2025-12-20T07:15:34.051813+00:00", "file": "test.txt", "step": "write", "message": "Encrypted test.txt -> D:\\CADT\\Year3\\Cryptography\\GO code\\server version\\storage\\encrypted\\test.txt.enc", "status": "ok", "user": "admin", "recipients": ["alice"], "encryption_algo": "AES-256-GCM", "size": 5, "hash": "d7ef0a04f3c8055644677299a9414a75adcb15916eb48417416c9317ace2ff4f"}
{"timestamp": "2025-12-20T07:15:34.059919+00:00", "file": "test.txt", "step": "server", "message": "Metadata registered", "status": "ok", "user": "admin"}
{"timestamp": "2025-12-20T07:15:37.704625+00:00", "file": "test.txt", "step": "detect", "message": "Detected test.txt", "status": "ok", "user": "admin"}
{"timestamp": "2025-12-20T07:15:38.987374+00:00", "file": "test.txt", "step": "error", "message": "Incorrect decryption.", "status": "error", "user": "admin"}
{"timestamp": "2025-12-20T07:20:17.718766+00:00", "file": "test.txt", "step": "detect", "message": "Detected test.txt", "status": "ok", "user": "admin"}
{"timestamp": "2025-12-20T07:20:18.882245+00:00", "file": "test.txt", "step": "write", "message": "Encrypted test.txt -> D:\\CADT\\Year3\\Cryptography\\GO code\\server version\\storage\\encrypted\\test.txt.enc", "status": "ok", "user": "admin", "recipients": ["alice"], "encryption_algo": "AES-256-GCM", "size": 5, "hash": "d7ef0a04f3c8055644677299a9414a75adcb15916eb48417416c9317ace2ff4f"}
{"timestamp": "2025-12-20T07:20:18.888959+00:00", "file": "test.txt", "step": "server", "message": "Metadata registered", "status": "ok", "user": "admin"}
{"timestamp": "2025-12-20T07:20:22.188543+00:00", "file": "test.txt", "step": "detect", "message": "Detected test.txt", "status": "ok", "user": "admin"}
{"timestamp": "2025-12-20T07:20:23.392781+00:00", "file": "test.txt", "step": "error", "message": "Incorrect decryption.", "status": "error", "user": "admin"}
{"timestamp": "2025-12-20T07:22:28.850676+00:00", "file": "test.txt", "step": "detect", "message": "Detected test.txt", "status": "ok", "user": "admin"}
{"timestamp": "2025-12-20T07:22:30.546168+00:00", "file": "test.txt", "step": "write", "message": "Encrypted test.txt -> D:\\CADT\\Year3\\Cryptography\\GO code\\server version\\storage\\encrypted\\test.txt.enc", "status": "ok", "user": "admin", "recipients": ["alice"], "encryption_algo": "AES-256-GCM", "size": 5, "hash": "d7ef0a04f3c8055644677299a9414a75adcb15916eb48417416c9317ace2ff4f"}
{"timestamp": "2025-12-20T07:22:30.557662+00:00", "file": "test.txt", "step": "server", "message": "Metadata registered", "status": "ok", "user": "admin"}
{"timestamp": "2025-12-20T07:22:33.500854+00:00", "file": "test.txt", "step": "detect", "message": "Detected test.txt", "status": "ok", "user": "admin"}
{"timestamp": "2025-12-20T07:22:34.455499+00:00", "file": "test.txt", "step": "write", "message": "Encrypted test.txt -> D:\\CADT\\Year3\\Cryptography\\GO code\\server version\\storage\\encrypted\\test.txt.enc", "status": "ok", "user": "admin", "recipients": ["bob"], "encryption_algo": "AES-256-GCM", "size": 5, "hash": "d7ef0a04f3c8055644677299a9414a75adcb15916eb48417416c9317ace2ff4f"}
{"timestamp": "2025-12-20T07:22:34.465157+00:00", "file": "test.txt", "step": "server", "message": "Metadata registered", "status": "ok", "user": "admin"}
{"timestamp": "2025-12-20T07:23:01.784879+00:00", "file": "test.txt.enc", "step": "decrypt", "message": "Decrypted successfully", "status": "ok", "user": "bob", "size": 5, "hash": "d7ef0a04f3c8055644677299a9414a75adcb15916eb48417416c9317ace2ff4f", "signature_status": "Signature OK"}
{"timestamp": "2025-12-20T07:23:20.430614+00:00", "file": "test.txt.enc", "step": "decrypt", "message": "Decrypted successfully", "status": "ok", "user": "alice", "size": 5, "hash": "d7ef0a04f3c8055644677299a9414a75adcb15916eb48417416c9317ace2ff4f", "signature_status": "Signature OK"}
