[SECURITY] admin - login_attempt - success role=admin
[SECURITY] admin - login_attempt - success role=admin
{"timestamp": "2025-12-19T17:05:53.759243+00:00", "username": "admin", "action": "login_attempt", "status": "failed_invalid_password", "request_id": "486cdc51-0437-4e40-94b5-920782f33997"}
{"timestamp": "2025-12-19T17:06:05.295835+00:00", "username": "admin", "action": "login_attempt", "status": "success", "request_id": "0fa3c2ef-91ac-4db8-be94-780513b30f12", "role": "admin"}
{"timestamp": "2025-12-19T17:06:11.465544+00:00", "username": "admin", "action": "register_file", "status": "success", "request_id": "9c0ab9b3-e194-4990-9ce8-833415f37f23", "filename": "test.txt.enc", "recipients": ["alice"]}
{"timestamp": "2025-12-19T17:06:16.921191+00:00", "username": "admin", "action": "register_file", "status": "success", "request_id": "ce760654-5f0e-4113-b1aa-4842729d88b9", "filename": "test.txt.enc", "recipients": ["bob"]}
{"timestamp": "2025-12-19T17:06:37.047062+00:00", "username": "admin", "action": "login_attempt", "status": "failed_invalid_password", "request_id": "882319d5-6a32-4b9b-86ec-4dae5742a5b6"}
{"timestamp": "2025-12-19T17:06:43.833803+00:00", "username": "bob", "action": "login_attempt", "status": "success", "request_id": "8a579a02-9192-499a-8f0e-442115e71242", "role": "user"}
{"timestamp": "2025-12-19T17:06:48.314802+00:00", "username": "bob", "action": "file_decrypted", "status": "success", "request_id": "0e4fbe0b-d39f-4e2e-88e3-a16cc7b5de2d", "filename": "test.txt.enc"}
{"timestamp": "2025-12-19T17:06:55.888775+00:00", "username": "alice", "action": "login_attempt", "status": "failed_invalid_password", "request_id": "c472c00a-e140-4de3-9271-dea63b5e4651"}
{"timestamp": "2025-12-19T17:07:00.743335+00:00", "username": "alcie", "action": "login_attempt", "status": "failed_invalid_username", "request_id": "fbdfb7b1-3ef3-4405-b9d8-15d5ac8ddf55"}
{"timestamp": "2025-12-19T17:07:07.525436+00:00", "username": "alice", "action": "login_attempt", "status": "failed_invalid_password", "request_id": "d08cedef-bed2-4113-a3bc-02e13e622bbb"}
{"timestamp": "2025-12-19T17:07:17.317176+00:00", "username": "alice", "action": "login_attempt", "status": "success", "request_id": "99d9d9e7-1c04-4b50-8dcc-1a62769b2304", "role": "user"}
{"timestamp": "2025-12-20T06:15:04.443336+00:00", "username": "admin", "action": "login_attempt", "status": "success", "request_id": "46d8b07e-2d74-45d1-a04b-19ec58995588", "role": "admin"}
{"timestamp": "2025-12-20T06:18:23.092349+00:00", "username": "admin", "action": "login_attempt", "status": "success", "request_id": "7a0242b8-2cce-4c8c-a458-7e530ddf8d0f", "role": "admin"}
{"timestamp": "2025-12-20T06:18:32.286915+00:00", "username": "admin", "action": "register_file", "status": "success", "request_id": "c45ca60d-46d1-4a6d-8d8a-8ee07426a75d", "filename": "test.txt.enc", "recipients": ["bob", "alice"]}
{"timestamp": "2025-12-20T06:18:44.680479+00:00", "username": "admin", "action": "register_file", "status": "success", "request_id": "2dc19e7f-03c7-486f-bdb6-37c80e4d70c5", "filename": "test.txt.enc", "recipients": ["bob", "alice"]}
{"timestamp": "2025-12-20T06:19:47.619571+00:00", "username": "admin", "action": "login_attempt", "status": "failed_invalid_password", "request_id": "3d97191d-a7b4-4eb7-8ee2-4d5ca6bb0c73"}
{"timestamp": "2025-12-20T06:19:57.079845+00:00", "username": "admin", "action": "login_attempt", "status": "success", "request_id": "60e9338e-6451-4a54-9e5e-c56ec8d39650", "role": "admin"}
{"timestamp": "2025-12-20T06:20:02.409746+00:00", "username": "admin", "action": "register_file", "status": "success", "request_id": "32293ae1-c659-4349-b6da-0be70df00909", "filename": "test.txt.enc", "recipients": ["alice"]}
{"timestamp": "2025-12-20T06:20:10.179774+00:00", "username": "admin", "action": "register_file", "status": "success", "request_id": "1052262d-918b-46e0-b302-28b0598c1ce3", "filename": "test.txt.enc", "recipients": ["bob"]}
{"timestamp": "2025-12-20T06:20:22.797369+00:00", "username": "bob", "action": "login_attempt", "status": "success", "request_id": "d70f36fa-4fcb-48d3-9792-2ca7dd48b24c", "role": "user"}
{"timestamp": "2025-12-20T06:21:46.741103+00:00", "username": "bob", "action": "file_decrypted", "status": "success", "request_id": "555c2e48-7ef7-4f16-8482-84aea5e99697", "filename": "test.txt.enc"}
{"timestamp": "2025-12-20T06:22:09.089475+00:00", "username": "alice", "action": "login_attempt", "status": "success", "request_id": "76f4e523-3ea4-4b33-be5e-8e492ae5237a", "role": "user"}
{"timestamp": "2025-12-20T06:25:08.391633+00:00", "username": "bob", "action": "login_attempt", "status": "success", "request_id": "e4fbd5a4-e27a-4215-ae28-7d46662ee05a", "role": "user"}
{"timestamp": "2025-12-20T06:26:12.388690+00:00", "username": "admin", "action": "login_attempt", "status": "success", "request_id": "5ccf100a-3959-4efe-8dd1-3244fbdc0c1e", "role": "admin"}
{"timestamp": "2025-12-20T06:26:17.352555+00:00", "username": "admin", "action": "register_file", "status": "success", "request_id": "5edb363f-be41-4b02-b0bb-b01bdd308a43", "filename": "test.txt.enc", "recipients": ["bob", "alice"]}
{"timestamp": "2025-12-20T06:26:22.691297+00:00", "username": "admin", "action": "register_file", "status": "success", "request_id": "3cb6cb9c-feca-4853-8460-681553f566c8", "filename": "test.txt.enc", "recipients": ["bob", "alice"]}
{"timestamp": "2025-12-20T06:26:32.398714+00:00", "username": "bob", "action": "login_attempt", "status": "success", "request_id": "57c3b1e0-77b0-4c76-bb36-c159441e5ee5", "role": "user"}
{"timestamp": "2025-12-20T06:26:48.931842+00:00", "username": "alice", "action": "login_attempt", "status": "success", "request_id": "f75ce891-ca68-47b1-b5aa-dd5134fdae84", "role": "user"}
{"timestamp": "2025-12-20T06:30:09.211702+00:00", "username": "admin", "action": "login_attempt", "status": "success", "request_id": "7c71a88f-bfc6-465e-abc5-183dffd9375f", "role": "admin"}
{"timestamp": "2025-12-20T06:30:20.967292+00:00", "username": "admin", "action": "register_file", "status": "success", "request_id": "96c1f69a-c8ff-4c9e-a3df-0465248f7979", "filename": "test.txt.enc", "recipients": ["bob", "alice"]}
{"timestamp": "2025-12-20T06:36:08.763242+00:00", "username": "admin", "action": "login_attempt", "status": "success", "request_id": "739c9950-3db5-4647-8d28-85d93db47640", "role": "admin"}
{"timestamp": "2025-12-20T06:36:13.326661+00:00", "username": "admin", "action": "register_file", "status": "success", "request_id": "191c26e9-19f0-411b-8b9b-e79834f046ef", "filename": "test.txt.enc", "recipients": ["alice"]}
{"timestamp": "2025-12-20T06:36:21.973993+00:00", "username": "admin", "action": "register_file", "status": "success", "request_id": "cfa5b910-6e2e-45c7-b9d9-c3a3400b39a0", "filename": "test.txt.enc", "recipients": ["bob"]}
{"timestamp": "2025-12-20T06:36:33.355779+00:00", "username": "1", "action": "login_attempt", "status": "failed_invalid_username", "request_id": "9cbd2af3-3d44-489f-bc4a-d5db0ffcd033"}
{"timestamp": "2025-12-20T06:36:38.283370+00:00", "username": "bob", "action": "login_attempt", "status": "success", "request_id": "1db9e169-5c89-4eed-b031-e1cc5607677a", "role": "user"}
{"timestamp": "2025-12-20T06:36:41.550026+00:00", "username": "bob", "action": "file_decrypted", "status": "success", "request_id": "8f8293ba-4d68-41c9-9966-b04e7bd5f7a1", "filename": "test.txt.enc"}
{"timestamp": "2025-12-20T06:36:52.266254+00:00", "username": "alice", "action": "login_attempt", "status": "success", "request_id": "9e1a1ec1-1127-40eb-8a24-089397ff24c2", "role": "user"}
{"timestamp": "2025-12-20T06:38:03.094585+00:00", "username": "alice", "action": "login_attempt", "status": "success", "request_id": "91dc98df-741b-4a39-969c-77d22307f006", "role": "user"}
{"timestamp": "2025-12-20T06:39:20.978185+00:00", "username": "admin", "action": "login_attempt", "status": "success", "request_id": "61dbb2e1-456d-4353-95e7-1bcaf884aa77", "role": "admin"}
{"timestamp": "2025-12-20T06:39:29.347665+00:00", "username": "admin", "action": "register_file", "status": "success", "request_id": "ef7846ac-60ea-48d2-9987-d1e86d375cda", "filename": "test.txt.enc", "recipients": ["alice", "bob"]}
{"timestamp": "2025-12-20T06:39:46.530279+00:00", "username": "alice", "action": "login_attempt", "status": "success", "request_id": "25f04126-9a8a-4435-9a2b-6288cfb4e9ab", "role": "user"}
{"timestamp": "2025-12-20T06:39:50.798539+00:00", "username": "alice", "action": "file_decrypted", "status": "success", "request_id": "8f2606ee-abd4-4256-bc7e-efec382fad6c", "filename": "test.txt.enc"}
{"timestamp": "2025-12-20T06:40:03.007194+00:00", "username": "bob", "action": "login_attempt", "status": "success", "request_id": "41a45ab8-b04f-447e-bc17-e5d57f12d07f", "role": "user"}
{"timestamp": "2025-12-20T06:40:05.722791+00:00", "username": "bob", "action": "file_decrypted", "status": "success", "request_id": "5c716693-1716-4b19-9812-a78cf9726c1b", "filename": "test.txt.enc"}
{"timestamp": "2025-12-20T06:40:35.357925+00:00", "username": "admin", "action": "login_attempt", "status": "success", "request_id": "f6872b4e-d060-4b73-94c8-fde73c511545", "role": "admin"}
{"timestamp": "2025-12-20T06:40:39.645107+00:00", "username": "admin", "action": "register_file", "status": "success", "request_id": "a4c4c6c1-7385-44b1-a5d7-8a4a34d32882", "filename": "test.txt.enc", "recipients": ["alice"]}
{"timestamp": "2025-12-20T06:40:45.301084+00:00", "username": "admin", "action": "register_file", "status": "success", "request_id": "e32a42d2-b3c2-4697-bf28-34da50dc997a", "filename": "test.txt.enc", "recipients": ["bob"]}
{"timestamp": "2025-12-20T06:41:02.422084+00:00", "username": "alice", "action": "login_attempt", "status": "success", "request_id": "6f1abd4f-53ae-4184-8ce7-d0ca0dee00f5", "role": "user"}
{"timestamp": "2025-12-20T06:44:36.510165+00:00", "username": "admin", "action": "login_attempt", "status": "success", "request_id": "814090f8-70de-4ba7-99cd-cd4f68d8c974", "role": "admin"}
{"timestamp": "2025-12-20T06:44:40.594017+00:00", "username": "admin", "action": "register_file", "status": "success", "request_id": "b0c68f72-9b9b-4326-8cc5-875ba575ca33", "filename": "test.txt.enc", "recipients": ["alice"]}
{"timestamp": "2025-12-20T06:44:46.717135+00:00", "username": "admin", "action": "register_file", "status": "success", "request_id": "24d04d82-b4cb-404c-ab43-66ee7e7d1b6a", "filename": "test.txt.enc", "recipients": ["bob", "alice"]}
{"timestamp": "2025-12-20T06:44:59.766247+00:00", "username": "alice", "action": "login_attempt", "status": "success", "request_id": "2a2c3af7-7755-49fc-b146-d17b4d8b5097", "role": "user"}
{"timestamp": "2025-12-20T06:45:15.068065+00:00", "username": "bob", "action": "login_attempt", "status": "success", "request_id": "06a345cf-c982-4785-9a47-a07163ed2650", "role": "user"}
{"timestamp": "2025-12-20T06:45:18.332434+00:00", "username": "bob", "action": "file_decrypted", "status": "success", "request_id": "f6991c4e-ec3b-499d-bf73-264c935d06b4", "filename": "test.txt.enc"}
{"timestamp": "2025-12-20T06:46:18.811532+00:00", "username": "alice", "action": "login_attempt", "status": "success", "request_id": "bde38d22-44ae-4cfa-9ebc-a055f3769b75", "role": "user"}
{"timestamp": "2025-12-20T06:46:28.539426+00:00", "username": "bob", "action": "login_attempt", "status": "success", "request_id": "a1defaed-1ef0-44d3-8dd7-4a693eb1426a", "role": "user"}
{"timestamp": "2025-12-20T06:50:55.873449+00:00", "username": "admin", "action": "login_attempt", "status": "success", "request_id": "011bb1b1-e765-4be1-85f1-549f652c76a8", "role": "admin"}
{"timestamp": "2025-12-20T06:51:01.040283+00:00", "username": "admin", "action": "register_file", "status": "success", "request_id": "cbd9a54f-e5f3-4785-9cca-e8a87565e55b", "filename": "test.txt.enc", "recipients": ["alice"]}
{"timestamp": "2025-12-20T06:55:45.095105+00:00", "username": "admin", "action": "login_attempt", "status": "success", "request_id": "adea7947-5fba-4648-8f0e-f5ee8315a6e0", "role": "admin"}
{"timestamp": "2025-12-20T06:56:41.428069+00:00", "username": "admin", "action": "register_file", "status": "success", "request_id": "6bd56dfa-b22a-45e1-aaa3-8ba106edf2e2", "filename": "test.txt.enc", "recipients": ["alice"]}
{"timestamp": "2025-12-20T06:59:14.058449+00:00", "username": "admin", "action": "login_attempt", "status": "success", "request_id": "e4496769-7913-4ae5-93f8-aaa22d582759", "role": "admin"}
{"timestamp": "2025-12-20T06:59:17.574021+00:00", "username": "admin", "action": "register_file", "status": "success", "request_id": "9b07aefa-950d-4aa0-b990-bdbb30f0722b", "filename": "test.txt.enc", "recipients": ["alice"]}
{"timestamp": "2025-12-20T06:59:22.517576+00:00", "username": "admin", "action": "register_file", "status": "success", "request_id": "d912c27d-71d6-4a24-8a60-0ebebeb3f7d3", "filename": "test.txt.enc", "recipients": ["bob"]}
{"timestamp": "2025-12-20T07:03:30.016018+00:00", "username": "admin", "action": "login_attempt", "status": "success", "request_id": "ac230c7f-bc07-48cd-a941-e1a9a18af7e9", "role": "admin"}
{"timestamp": "2025-12-20T07:03:34.229026+00:00", "username": "admin", "action": "register_file", "status": "success", "request_id": "c707ee94-ca38-48d4-99b9-5025fd956e32", "filename": "test.txt.enc", "recipients": ["alice"]}
{"timestamp": "2025-12-20T07:08:01.135917+00:00", "username": "admin", "action": "login_attempt", "status": "success", "request_id": "10126e97-b3b3-4853-b875-1993129db2a1", "role": "admin"}
{"timestamp": "2025-12-20T07:08:15.260668+00:00", "username": "admin", "action": "register_file", "status": "success", "request_id": "0f46e971-1d81-4998-afc4-6647fbbafa48", "filename": "test.txt.enc", "recipients": ["bob", "alice"]}
{"timestamp": "2025-12-20T07:08:38.058368+00:00", "username": "bob", "action": "login_attempt", "status": "success", "request_id": "9d452fbc-8438-48d1-b604-b04589604a0d", "role": "user"}
{"timestamp": "2025-12-20T07:08:41.092172+00:00", "username": "bob", "action": "file_decrypted", "status": "success", "request_id": "381a689c-14ea-4a78-9c66-07360655e888", "filename": "test.txt.enc"}
{"timestamp": "2025-12-20T07:08:55.458076+00:00", "username": "alice", "action": "login_attempt", "status": "failed_invalid_password", "request_id": "6b520518-312f-4ec1-869e-cd360590213f"}
{"timestamp": "2025-12-20T07:09:01.351468+00:00", "username": "alice", "action": "login_attempt", "status": "success", "request_id": "f08e4e95-2459-425b-9934-41b498d9d9bd", "role": "user"}
{"timestamp": "2025-12-20T07:10:10.328871+00:00", "username": "alice", "action": "login_attempt", "status": "success", "request_id": "320c5213-ebe7-45cd-8d8b-e9a6bd1a56ce", "role": "user"}
{"timestamp": "2025-12-20T07:11:43.987071+00:00", "username": "admin", "action": "login_attempt", "status": "success", "request_id": "8690bab9-fe8c-416d-aba8-875da133a1b9", "role": "admin"}
{"timestamp": "2025-12-20T07:11:53.588749+00:00", "username": "admin", "action": "register_file", "status": "success", "request_id": "64dbb71c-a8af-47ad-9d0d-89b04edb1134", "filename": "test.txt.enc", "recipients": ["alice"]}
{"timestamp": "2025-12-20T07:12:07.166484+00:00", "username": "admin", "action": "register_file", "status": "success", "request_id": "3d98b90f-042a-4af3-bed5-a8c3671db5d2", "filename": "test.txt.enc", "recipients": ["alice", "bob"]}
{"timestamp": "2025-12-20T07:12:26.306550+00:00", "username": "alice", "action": "login_attempt", "status": "success", "request_id": "69ad09b1-bec6-4913-94f3-ecbad3abc25f", "role": "user"}
{"timestamp": "2025-12-20T07:14:48.124483+00:00", "username": "admin", "action": "login_attempt", "status": "success", "request_id": "2e2c8a3c-b735-47bd-8c65-0736a02bd2f1", "role": "admin"}
{"timestamp": "2025-12-20T07:15:19.325784+00:00", "username": "admin", "action": "login_attempt", "status": "failed_invalid_password", "request_id": "cd3abbfd-de59-4cc2-ba06-6e75f9cb76f7"}
{"timestamp": "2025-12-20T07:15:24.627573+00:00", "username": "admin123", "action": "login_attempt", "status": "failed_invalid_username", "request_id": "796a8a4f-689b-44f6-8ef5-90e1bb70b087"}
{"timestamp": "2025-12-20T07:15:29.177415+00:00", "username": "admin", "action": "login_attempt", "status": "success", "request_id": "48c17ac8-9de3-42db-a053-dafef74d368f", "role": "admin"}
{"timestamp": "2025-12-20T07:15:34.057288+00:00", "username": "admin", "action": "register_file", "status": "success", "request_id": "f812ed6c-64d8-41e9-851c-56231538dd32", "filename": "test.txt.enc", "recipients": ["alice"]}
{"timestamp": "2025-12-20T07:20:14.221894+00:00", "username": "admin", "action": "login_attempt", "status": "success", "request_id": "3fa05b04-eaa0-4169-920b-ad57bf805d5f", "role": "admin"}
{"timestamp": "2025-12-20T07:20:18.886952+00:00", "username": "admin", "action": "register_file", "status": "success", "request_id": "ec41376f-a349-42c1-83b7-8f80595a88e0", "filename": "test.txt.enc", "recipients": ["alice"]}
{"timestamp": "2025-12-20T07:22:26.500573+00:00", "username": "admin", "action": "login_attempt", "status": "success", "request_id": "bee98f4e-48d6-4178-90e3-d80266b3e328", "role": "admin"}
{"timestamp": "2025-12-20T07:22:30.550323+00:00", "username": "admin", "action": "register_file", "status": "success", "request_id": "fd913918-f64d-483d-a0ed-4b33064cfcfe", "filename": "test.txt.enc", "recipients": ["alice"]}
{"timestamp": "2025-12-20T07:22:34.460540+00:00", "username": "admin", "action": "register_file", "status": "success", "request_id": "a5d6fbcd-1034-4517-afe4-5041590bfa61", "filename": "test.txt.enc", "recipients": ["bob", "alice"]}
{"timestamp": "2025-12-20T07:22:58.520419+00:00", "username": "bob", "action": "login_attempt", "status": "success", "request_id": "82b54cd9-26c7-47fc-9c30-5bc967bb1834", "role": "user"}
{"timestamp": "2025-12-20T07:23:01.789340+00:00", "username": "bob", "action": "file_decrypted", "status": "success", "request_id": "58c52876-a055-4bbd-b60b-3913f5aff58c", "filename": "test.txt.enc"}
{"timestamp": "2025-12-20T07:23:16.660483+00:00", "username": "alice", "action": "login_attempt", "status": "success", "request_id": "b24d01f4-2ecb-481e-ae12-f78e5e69e57f", "role": "user"}
{"timestamp": "2025-12-20T07:23:20.437620+00:00", "username": "alice", "action": "file_decrypted", "status": "success", "request_id": "344369bf-ebe1-402e-abf1-661e39296b05", "filename": "test.txt.enc"}
